2018-07-16 08:32:09,157 INFO osmnet Requesting network data within bounding box from Overpass API in 1 request(s)
2018-07-16 08:32:09,159 INFO osmnet Posting to http://www.overpass-api.de/api/interpreter with timeout=180, "{'data': '[out:json][timeout:180];(way["highway"]["highway"!~"motor|proposed|construction|abandoned|platform|raceway"]["foot"!~"no"]["pedestrians"!~"no"](41.59470000,-87.88784270,42.07277380,-87.57460000);>;);out;'}"
2018-07-16 08:34:07,818 INFO osmnet Requesting network data within bounding box from Overpass API in 1 request(s)
2018-07-16 08:34:07,819 INFO osmnet Posting to http://www.overpass-api.de/api/interpreter with timeout=180, "{'data': '[out:json][timeout:180];(way["highway"]["highway"!~"motor|proposed|construction|abandoned|platform|raceway"]["foot"!~"no"]["pedestrians"!~"no"](41.59470000,-87.88784270,42.07277380,-87.57460000);>;);out;'}"
2018-07-16 08:34:20,204 INFO osmnet Downloaded 75,444.2KB from www.overpass-api.de in 12.39 seconds
2018-07-16 08:34:21,506 INFO osmnet Downloaded OSM network data within bounding box from Overpass API in 1 request(s) and 13.69 seconds
2018-07-16 08:34:34,026 INFO osmnet Returning OSM data with 449,175 nodes and 120,745 ways...
2018-07-16 08:37:04,356 INFO osmnet Edge node pairs completed. Took 150.33 seconds
2018-07-16 08:37:04,839 INFO osmnet Returning processed graph with 202,570 nodes and 310,047 edges...
2018-07-16 08:37:04,839 INFO osmnet Completed OSM data download and Pandana node and edge table creation in 177.03 seconds
2018-07-16 09:08:26,927 INFO osmnet Requesting network data within bounding box from Overpass API in 1 request(s)
2018-07-16 09:08:26,928 INFO osmnet Posting to http://www.overpass-api.de/api/interpreter with timeout=180, "{'data': '[out:json][timeout:180];(way["highway"]["highway"!~"motor|proposed|construction|abandoned|platform|raceway"]["foot"!~"no"]["pedestrians"!~"no"](41.59470490,-87.88784270,42.07302000,-87.57478440);>;);out;'}"
2018-07-16 09:08:48,214 INFO osmnet Downloaded 75,482.4KB from www.overpass-api.de in 21.29 seconds
2018-07-16 09:08:49,648 INFO osmnet Downloaded OSM network data within bounding box from Overpass API in 1 request(s) and 22.72 seconds
2018-07-16 09:11:59,420 INFO osmnet Requesting network data within bounding box from Overpass API in 1 request(s)
2018-07-16 09:11:59,421 INFO osmnet Posting to http://www.overpass-api.de/api/interpreter with timeout=180, "{'data': '[out:json][timeout:180];(way["highway"]["highway"!~"motor|proposed|construction|abandoned|platform|raceway"]["foot"!~"no"]["pedestrians"!~"no"](41.59470490,-87.88784270,42.07302000,-87.57478440);>;);out;'}"
2018-07-16 09:12:19,546 INFO osmnet Downloaded 75,483.5KB from www.overpass-api.de in 20.13 seconds
2018-07-16 09:12:21,042 INFO osmnet Downloaded OSM network data within bounding box from Overpass API in 1 request(s) and 21.62 seconds
2018-07-16 09:12:33,555 INFO osmnet Returning OSM data with 449,375 nodes and 120,797 ways...
2018-07-16 09:15:07,478 INFO osmnet Edge node pairs completed. Took 153.92 seconds
2018-07-16 09:15:07,979 INFO osmnet Returning processed graph with 202,633 nodes and 310,135 edges...
2018-07-16 09:15:07,980 INFO osmnet Completed OSM data download and Pandana node and edge table creation in 188.56 seconds
