2018-07-17 16:57:46,689 INFO osmnet Requesting network data within bounding box from Overpass API in 1 request(s)
2018-07-17 16:57:46,691 INFO osmnet Posting to http://www.overpass-api.de/api/interpreter with timeout=180, "{'data': '[out:json][timeout:180];(way["highway"]["highway"!~"motor|proposed|construction|abandoned|platform|raceway"]["foot"!~"no"]["pedestrians"!~"no"](41.60021990,-87.85448850,42.07126140,-87.58049640);>;);out;'}"
2018-07-17 16:57:57,363 INFO osmnet Downloaded 67,812.9KB from www.overpass-api.de in 10.67 seconds
2018-07-17 16:57:58,565 INFO osmnet Downloaded OSM network data within bounding box from Overpass API in 1 request(s) and 11.87 seconds
2018-07-17 16:58:10,385 INFO osmnet Returning OSM data with 400,986 nodes and 109,145 ways...
2018-07-17 17:00:34,067 INFO osmnet Edge node pairs completed. Took 143.68 seconds
2018-07-17 17:00:34,476 INFO osmnet Returning processed graph with 184,805 nodes and 283,754 edges...
2018-07-17 17:00:34,477 INFO osmnet Completed OSM data download and Pandana node and edge table creation in 167.79 seconds
2018-07-17 17:08:53,744 INFO osmnet Requesting network data within bounding box from Overpass API in 1 request(s)
2018-07-17 17:08:53,745 INFO osmnet Posting to http://www.overpass-api.de/api/interpreter with timeout=180, "{'data': '[out:json][timeout:180];(way["highway"]["highway"!~"cycleway|footway|path|pedestrian|steps|track|proposed|construction|bridleway|abandoned|platform|raceway|service"]["motor_vehicle"!~"no"]["motorcar"!~"no"]["service"!~"parking|parking_aisle|driveway|emergency_access"](41.60021990,-87.85448850,42.07126140,-87.58049640);>;);out;'}"
2018-07-17 17:09:01,618 INFO osmnet Downloaded 33,501.4KB from www.overpass-api.de in 7.87 seconds
2018-07-17 17:09:01,992 INFO osmnet Downloaded OSM network data within bounding box from Overpass API in 1 request(s) and 8.25 seconds
2018-07-17 17:09:06,836 INFO osmnet Returning OSM data with 170,563 nodes and 38,972 ways...
2018-07-17 17:09:53,240 INFO osmnet Edge node pairs completed. Took 46.40 seconds
2018-07-17 17:09:53,397 INFO osmnet Returning processed graph with 57,572 nodes and 88,601 edges...
2018-07-17 17:09:53,397 INFO osmnet Completed OSM data download and Pandana node and edge table creation in 59.66 seconds
2018-07-17 17:22:26,127 INFO osmnet Requesting network data within bounding box from Overpass API in 1 request(s)
2018-07-17 17:22:26,128 INFO osmnet Posting to http://www.overpass-api.de/api/interpreter with timeout=180, "{'data': '[out:json][timeout:180];(way["highway"]["highway"!~"motor|proposed|construction|abandoned|platform|raceway"]["foot"!~"no"]["pedestrians"!~"no"](41.55758000,-87.85448850,42.11430300,-87.58049640);>;);out;'}"
2018-07-17 17:22:39,873 INFO osmnet Downloaded 74,131.9KB from www.overpass-api.de in 13.74 seconds
2018-07-17 17:22:41,160 INFO osmnet Downloaded OSM network data within bounding box from Overpass API in 1 request(s) and 15.03 seconds
2018-07-17 17:22:53,637 INFO osmnet Returning OSM data with 442,330 nodes and 117,327 ways...
2018-07-17 17:25:18,505 INFO osmnet Edge node pairs completed. Took 144.87 seconds
2018-07-17 17:25:18,958 INFO osmnet Returning processed graph with 197,545 nodes and 302,432 edges...
2018-07-17 17:25:18,959 INFO osmnet Completed OSM data download and Pandana node and edge table creation in 172.84 seconds
2018-07-17 17:29:19,964 INFO osmnet Requesting network data within bounding box from Overpass API in 1 request(s)
2018-07-17 17:29:19,966 INFO osmnet Posting to http://www.overpass-api.de/api/interpreter with timeout=180, "{'data': '[out:json][timeout:180];(way["highway"]["highway"!~"cycleway|footway|path|pedestrian|steps|track|proposed|construction|bridleway|abandoned|platform|raceway|service"]["motor_vehicle"!~"no"]["motorcar"!~"no"]["service"!~"parking|parking_aisle|driveway|emergency_access"](41.55758000,-87.85448850,42.11430300,-87.58049640);>;);out;'}"
2018-07-17 17:29:27,148 INFO osmnet Downloaded 37,481.3KB from www.overpass-api.de in 7.18 seconds
2018-07-17 17:29:27,742 INFO osmnet Downloaded OSM network data within bounding box from Overpass API in 1 request(s) and 7.78 seconds
2018-07-17 17:29:33,135 INFO osmnet Returning OSM data with 194,268 nodes and 43,369 ways...
2018-07-17 17:30:23,938 INFO osmnet Edge node pairs completed. Took 50.80 seconds
2018-07-17 17:30:24,102 INFO osmnet Returning processed graph with 63,841 nodes and 97,483 edges...
2018-07-17 17:30:24,103 INFO osmnet Completed OSM data download and Pandana node and edge table creation in 64.15 seconds
